Release 14.7 - xst P.20131013 (nt64)
Copyright (c) 1995-2013 Xilinx, Inc.  All rights reserved.
--> Parameter TMPDIR set to xst/projnav.tmp


Total REAL time to Xst completion: 1.00 secs
Total CPU time to Xst completion: 0.05 secs
 
--> Parameter xsthdpdir set to xst


Total REAL time to Xst completion: 1.00 secs
Total CPU time to Xst completion: 0.05 secs
 
--> Reading design: ALU.prj

TABLE OF CONTENTS
  1) Synthesis Options Summary
  2) HDL Parsing
  3) HDL Elaboration
  4) HDL Synthesis
       4.1) HDL Synthesis Report
  5) Advanced HDL Synthesis
       5.1) Advanced HDL Synthesis Report
  6) Low Level Synthesis
  7) Partition Report
  8) Design Summary
       8.1) Primitive and Black Box Usage
       8.2) Device utilization summary
       8.3) Partition Resource Summary
       8.4) Timing Report
            8.4.1) Clock Information
            8.4.2) Asynchronous Control Signals Information
            8.4.3) Timing Summary
            8.4.4) Timing Details
            8.4.5) Cross Clock Domains Report


=========================================================================
*                      Synthesis Options Summary                        *
=========================================================================
---- Source Parameters
Input File Name                    : "ALU.prj"
Ignore Synthesis Constraint File   : NO

---- Target Parameters
Output File Name                   : "ALU"
Output Format                      : NGC
Target Device                      : xc7a100t-3-csg324

---- Source Options
Top Module Name                    : ALU
Automatic FSM Extraction           : YES
FSM Encoding Algorithm             : Auto
Safe Implementation                : No
FSM Style                          : LUT
RAM Extraction                     : Yes
RAM Style                          : Auto
ROM Extraction                     : Yes
Shift Register Extraction          : YES
ROM Style                          : Auto
Resource Sharing                   : YES
Asynchronous To Synchronous        : NO
Shift Register Minimum Size        : 2
Use DSP Block                      : Auto
Automatic Register Balancing       : No

---- Target Options
LUT Combining                      : Auto
Reduce Control Sets                : Auto
Add IO Buffers                     : YES
Global Maximum Fanout              : 100000
Add Generic Clock Buffer(BUFG)     : 32
Register Duplication               : YES
Optimize Instantiated Primitives   : NO
Use Clock Enable                   : Auto
Use Synchronous Set                : Auto
Use Synchronous Reset              : Auto
Pack IO Registers into IOBs        : Auto
Equivalent register Removal        : YES

---- General Options
Optimization Goal                  : Speed
Optimization Effort                : 1
Power Reduction                    : NO
Keep Hierarchy                     : No
Netlist Hierarchy                  : As_Optimized
RTL Output                         : Yes
Global Optimization                : AllClockNets
Read Cores                         : YES
Write Timing Constraints           : NO
Cross Clock Analysis               : NO
Hierarchy Separator                : /
Bus Delimiter                      : <>
Case Specifier                     : Maintain
Slice Utilization Ratio            : 100
BRAM Utilization Ratio             : 100
DSP48 Utilization Ratio            : 100
Auto BRAM Packing                  : NO
Slice Utilization Ratio Delta      : 5

=========================================================================


=========================================================================
*                          HDL Parsing                                  *
=========================================================================
Parsing VHDL file "E:\VHDLProjects\MajorTask_Phase1_Part2\Subtract_Multiplexer.vhd" into library work
Parsing entity <Subtract_Multiplexer>.
Parsing architecture <Behavioral> of entity <subtract_multiplexer>.
Parsing VHDL file "E:\VHDLProjects\MajorTask_Phase1_Part2\pkg_MajorTask_Phase1_Part2.vhd" into library work
Parsing package <pkg_MajorTask_Phase1_Part2>.
Parsing package body <pkg_MajorTask_Phase1_Part2>.
Parsing VHDL file "E:\VHDLProjects\MajorTask_Phase1_Part2\FullAdder.vhd" into library work
Parsing entity <FullAdder>.
Parsing architecture <Behavioral> of entity <fulladder>.
Parsing VHDL file "E:\VHDLProjects\MajorTask_Phase1_Part2\ALUOp_Multiplexer.vhd" into library work
Parsing entity <ALUOp_Multiplexer>.
Parsing architecture <Behavioral> of entity <aluop_multiplexer>.
Parsing VHDL file "E:\VHDLProjects\MajorTask_Phase1_Part2\ALU.vhd" into library work
Parsing entity <ALU>.
Parsing architecture <Behavioral> of entity <alu>.
WARNING:HDLCompiler:946 - "E:\VHDLProjects\MajorTask_Phase1_Part2\ALU.vhd" Line 43: Actual for formal port in1 is neither a static name nor a globally static expression
WARNING:HDLCompiler:946 - "E:\VHDLProjects\MajorTask_Phase1_Part2\ALU.vhd" Line 47: Actual for formal port andin is neither a static name nor a globally static expression

=========================================================================
*                            HDL Elaboration                            *
=========================================================================

Elaborating entity <ALU> (architecture <Behavioral>) from library <work>.

Elaborating entity <Subtract_Multiplexer> (architecture <Behavioral>) from library <work>.

Elaborating entity <FullAdder> (architecture <Behavioral>) from library <work>.

Elaborating entity <ALUOp_Multiplexer> (architecture <Behavioral>) from library <work>.

=========================================================================
*                           HDL Synthesis                               *
=========================================================================

Synthesizing Unit <ALU>.
    Related source file is "E:\VHDLProjects\MajorTask_Phase1_Part2\ALU.vhd".
    Found 1-bit tristate buffer for signal <carry_check> created at line 32
    Summary:
	inferred   7 Multiplexer(s).
	inferred   1 Tristate(s).
Unit <ALU> synthesized.

Synthesizing Unit <Subtract_Multiplexer>.
    Related source file is "E:\VHDLProjects\MajorTask_Phase1_Part2\Subtract_Multiplexer.vhd".
    Found 1-bit tristate buffer for signal <Output<31>> created at line 17
    Found 1-bit tristate buffer for signal <Output<30>> created at line 17
    Found 1-bit tristate buffer for signal <Output<29>> created at line 17
    Found 1-bit tristate buffer for signal <Output<28>> created at line 17
    Found 1-bit tristate buffer for signal <Output<27>> created at line 17
    Found 1-bit tristate buffer for signal <Output<26>> created at line 17
    Found 1-bit tristate buffer for signal <Output<25>> created at line 17
    Found 1-bit tristate buffer for signal <Output<24>> created at line 17
    Found 1-bit tristate buffer for signal <Output<23>> created at line 17
    Found 1-bit tristate buffer for signal <Output<22>> created at line 17
    Found 1-bit tristate buffer for signal <Output<21>> created at line 17
    Found 1-bit tristate buffer for signal <Output<20>> created at line 17
    Found 1-bit tristate buffer for signal <Output<19>> created at line 17
    Found 1-bit tristate buffer for signal <Output<18>> created at line 17
    Found 1-bit tristate buffer for signal <Output<17>> created at line 17
    Found 1-bit tristate buffer for signal <Output<16>> created at line 17
    Found 1-bit tristate buffer for signal <Output<15>> created at line 17
    Found 1-bit tristate buffer for signal <Output<14>> created at line 17
    Found 1-bit tristate buffer for signal <Output<13>> created at line 17
    Found 1-bit tristate buffer for signal <Output<12>> created at line 17
    Found 1-bit tristate buffer for signal <Output<11>> created at line 17
    Found 1-bit tristate buffer for signal <Output<10>> created at line 17
    Found 1-bit tristate buffer for signal <Output<9>> created at line 17
    Found 1-bit tristate buffer for signal <Output<8>> created at line 17
    Found 1-bit tristate buffer for signal <Output<7>> created at line 17
    Found 1-bit tristate buffer for signal <Output<6>> created at line 17
    Found 1-bit tristate buffer for signal <Output<5>> created at line 17
    Found 1-bit tristate buffer for signal <Output<4>> created at line 17
    Found 1-bit tristate buffer for signal <Output<3>> created at line 17
    Found 1-bit tristate buffer for signal <Output<2>> created at line 17
    Found 1-bit tristate buffer for signal <Output<1>> created at line 17
    Found 1-bit tristate buffer for signal <Output<0>> created at line 17
    Summary:
	inferred  32 Multiplexer(s).
	inferred  32 Tristate(s).
Unit <Subtract_Multiplexer> synthesized.

Synthesizing Unit <FullAdder>.
    Related source file is "E:\VHDLProjects\MajorTask_Phase1_Part2\FullAdder.vhd".
    Found 33-bit adder for signal <n0047> created at line 24.
    Found 33-bit adder for signal <temp> created at line 24.
    Found 1-bit tristate buffer for signal <CarryINVector<31>> created at line 20
    Found 1-bit tristate buffer for signal <CarryINVector<30>> created at line 20
    Found 1-bit tristate buffer for signal <CarryINVector<29>> created at line 20
    Found 1-bit tristate buffer for signal <CarryINVector<28>> created at line 20
    Found 1-bit tristate buffer for signal <CarryINVector<27>> created at line 20
    Found 1-bit tristate buffer for signal <CarryINVector<26>> created at line 20
    Found 1-bit tristate buffer for signal <CarryINVector<25>> created at line 20
    Found 1-bit tristate buffer for signal <CarryINVector<24>> created at line 20
    Found 1-bit tristate buffer for signal <CarryINVector<23>> created at line 20
    Found 1-bit tristate buffer for signal <CarryINVector<22>> created at line 20
    Found 1-bit tristate buffer for signal <CarryINVector<21>> created at line 20
    Found 1-bit tristate buffer for signal <CarryINVector<20>> created at line 20
    Found 1-bit tristate buffer for signal <CarryINVector<19>> created at line 20
    Found 1-bit tristate buffer for signal <CarryINVector<18>> created at line 20
    Found 1-bit tristate buffer for signal <CarryINVector<17>> created at line 20
    Found 1-bit tristate buffer for signal <CarryINVector<16>> created at line 20
    Found 1-bit tristate buffer for signal <CarryINVector<15>> created at line 20
    Found 1-bit tristate buffer for signal <CarryINVector<14>> created at line 20
    Found 1-bit tristate buffer for signal <CarryINVector<13>> created at line 20
    Found 1-bit tristate buffer for signal <CarryINVector<12>> created at line 20
    Found 1-bit tristate buffer for signal <CarryINVector<11>> created at line 20
    Found 1-bit tristate buffer for signal <CarryINVector<10>> created at line 20
    Found 1-bit tristate buffer for signal <CarryINVector<9>> created at line 20
    Found 1-bit tristate buffer for signal <CarryINVector<8>> created at line 20
    Found 1-bit tristate buffer for signal <CarryINVector<7>> created at line 20
    Found 1-bit tristate buffer for signal <CarryINVector<6>> created at line 20
    Found 1-bit tristate buffer for signal <CarryINVector<5>> created at line 20
    Found 1-bit tristate buffer for signal <CarryINVector<4>> created at line 20
    Found 1-bit tristate buffer for signal <CarryINVector<3>> created at line 20
    Found 1-bit tristate buffer for signal <CarryINVector<2>> created at line 20
    Found 1-bit tristate buffer for signal <CarryINVector<1>> created at line 20
    Found 1-bit tristate buffer for signal <CarryINVector<0>> created at line 20
    Summary:
	inferred   2 Adder/Subtractor(s).
	inferred  32 Tristate(s).
Unit <FullAdder> synthesized.

Synthesizing Unit <ALUOp_Multiplexer>.
    Related source file is "E:\VHDLProjects\MajorTask_Phase1_Part2\ALUOp_Multiplexer.vhd".
    Found 1-bit 7-to-1 multiplexer for signal <_n0177> created at line 20.
    Found 1-bit 7-to-1 multiplexer for signal <_n0179> created at line 20.
    Found 1-bit 7-to-1 multiplexer for signal <_n0181> created at line 20.
    Found 1-bit 7-to-1 multiplexer for signal <_n0183> created at line 20.
    Found 1-bit 7-to-1 multiplexer for signal <_n0185> created at line 20.
    Found 1-bit 7-to-1 multiplexer for signal <_n0187> created at line 20.
    Found 1-bit 7-to-1 multiplexer for signal <_n0189> created at line 20.
    Found 1-bit 7-to-1 multiplexer for signal <_n0191> created at line 20.
    Found 1-bit 7-to-1 multiplexer for signal <_n0193> created at line 20.
    Found 1-bit 7-to-1 multiplexer for signal <_n0195> created at line 20.
    Found 1-bit 7-to-1 multiplexer for signal <_n0197> created at line 20.
    Found 1-bit 7-to-1 multiplexer for signal <_n0199> created at line 20.
    Found 1-bit 7-to-1 multiplexer for signal <_n0201> created at line 20.
    Found 1-bit 7-to-1 multiplexer for signal <_n0203> created at line 20.
    Found 1-bit 7-to-1 multiplexer for signal <_n0205> created at line 20.
    Found 1-bit 7-to-1 multiplexer for signal <_n0207> created at line 20.
    Found 1-bit 7-to-1 multiplexer for signal <_n0209> created at line 20.
    Found 1-bit 7-to-1 multiplexer for signal <_n0211> created at line 20.
    Found 1-bit 7-to-1 multiplexer for signal <_n0213> created at line 20.
    Found 1-bit 7-to-1 multiplexer for signal <_n0215> created at line 20.
    Found 1-bit 7-to-1 multiplexer for signal <_n0217> created at line 20.
    Found 1-bit 7-to-1 multiplexer for signal <_n0219> created at line 20.
    Found 1-bit 7-to-1 multiplexer for signal <_n0221> created at line 20.
    Found 1-bit 7-to-1 multiplexer for signal <_n0223> created at line 20.
    Found 1-bit 7-to-1 multiplexer for signal <_n0225> created at line 20.
    Found 1-bit 7-to-1 multiplexer for signal <_n0227> created at line 20.
    Found 1-bit 7-to-1 multiplexer for signal <_n0229> created at line 20.
    Found 1-bit 7-to-1 multiplexer for signal <_n0231> created at line 20.
    Found 1-bit 7-to-1 multiplexer for signal <_n0233> created at line 20.
    Found 1-bit 7-to-1 multiplexer for signal <_n0235> created at line 20.
    Found 1-bit 7-to-1 multiplexer for signal <_n0237> created at line 20.
    Found 1-bit 7-to-1 multiplexer for signal <_n0239> created at line 20.
    Found 1-bit tristate buffer for signal <Output<31>> created at line 20
    Found 1-bit tristate buffer for signal <Output<30>> created at line 20
    Found 1-bit tristate buffer for signal <Output<29>> created at line 20
    Found 1-bit tristate buffer for signal <Output<28>> created at line 20
    Found 1-bit tristate buffer for signal <Output<27>> created at line 20
    Found 1-bit tristate buffer for signal <Output<26>> created at line 20
    Found 1-bit tristate buffer for signal <Output<25>> created at line 20
    Found 1-bit tristate buffer for signal <Output<24>> created at line 20
    Found 1-bit tristate buffer for signal <Output<23>> created at line 20
    Found 1-bit tristate buffer for signal <Output<22>> created at line 20
    Found 1-bit tristate buffer for signal <Output<21>> created at line 20
    Found 1-bit tristate buffer for signal <Output<20>> created at line 20
    Found 1-bit tristate buffer for signal <Output<19>> created at line 20
    Found 1-bit tristate buffer for signal <Output<18>> created at line 20
    Found 1-bit tristate buffer for signal <Output<17>> created at line 20
    Found 1-bit tristate buffer for signal <Output<16>> created at line 20
    Found 1-bit tristate buffer for signal <Output<15>> created at line 20
    Found 1-bit tristate buffer for signal <Output<14>> created at line 20
    Found 1-bit tristate buffer for signal <Output<13>> created at line 20
    Found 1-bit tristate buffer for signal <Output<12>> created at line 20
    Found 1-bit tristate buffer for signal <Output<11>> created at line 20
    Found 1-bit tristate buffer for signal <Output<10>> created at line 20
    Found 1-bit tristate buffer for signal <Output<9>> created at line 20
    Found 1-bit tristate buffer for signal <Output<8>> created at line 20
    Found 1-bit tristate buffer for signal <Output<7>> created at line 20
    Found 1-bit tristate buffer for signal <Output<6>> created at line 20
    Found 1-bit tristate buffer for signal <Output<5>> created at line 20
    Found 1-bit tristate buffer for signal <Output<4>> created at line 20
    Found 1-bit tristate buffer for signal <Output<3>> created at line 20
    Found 1-bit tristate buffer for signal <Output<2>> created at line 20
    Found 1-bit tristate buffer for signal <Output<1>> created at line 20
    Found 1-bit tristate buffer for signal <Output<0>> created at line 20
    Summary:
	inferred  32 Multiplexer(s).
	inferred  32 Tristate(s).
Unit <ALUOp_Multiplexer> synthesized.

=========================================================================
HDL Synthesis Report

Macro Statistics
# Adders/Subtractors                                   : 2
 33-bit adder                                          : 2
# Multiplexers                                         : 71
 1-bit 2-to-1 multiplexer                              : 39
 1-bit 7-to-1 multiplexer                              : 32
# Tristates                                            : 97
 1-bit tristate buffer                                 : 97
# Xors                                                 : 1
 1-bit xor2                                            : 1

=========================================================================

=========================================================================
*                       Advanced HDL Synthesis                          *
=========================================================================


=========================================================================
Advanced HDL Synthesis Report

Macro Statistics
# Adders/Subtractors                                   : 2
 33-bit adder                                          : 2
# Multiplexers                                         : 71
 1-bit 2-to-1 multiplexer                              : 39
 1-bit 7-to-1 multiplexer                              : 32
# Xors                                                 : 1
 1-bit xor2                                            : 1

=========================================================================

=========================================================================
*                         Low Level Synthesis                           *
=========================================================================
WARNING:Xst:2042 - Unit ALU: 33 internal tristates are replaced by logic (pull-up yes): N10, N11, N12, N13, N14, N15, N16, N17, N18, N19, N2, N20, N21, N22, N23, N24, N25, N26, N27, N28, N29, N3, N30, N31, N32, N33, N4, N5, N6, N7, N8, N9, carry_check.

Optimizing unit <ALU> ...

Mapping all equations...
Building and optimizing final netlist ...
Found area constraint ratio of 100 (+ 5) on block ALU, actual ratio is 0.

Final Macro Processing ...

=========================================================================
Final Register Report

Found no macro
=========================================================================

=========================================================================
*                           Partition Report                            *
=========================================================================

Partition Implementation Status
-------------------------------

  No Partitions were found in this design.

-------------------------------

=========================================================================
*                            Design Summary                             *
=========================================================================

Top Level Output File Name         : ALU.ngc

Primitive and Black Box Usage:
------------------------------
# BELS                             : 301
#      GND                         : 1
#      LUT2                        : 31
#      LUT3                        : 33
#      LUT4                        : 4
#      LUT5                        : 96
#      LUT6                        : 70
#      MUXCY                       : 32
#      MUXF7                       : 1
#      XORCY                       : 33
# IO Buffers                       : 104
#      IBUF                        : 69
#      OBUF                        : 3
#      OBUFT                       : 32

Device utilization summary:
---------------------------

Selected Device : 7a100tcsg324-3 


Slice Logic Utilization: 
 Number of Slice LUTs:                  234  out of  63400     0%  
    Number used as Logic:               234  out of  63400     0%  

Slice Logic Distribution: 
 Number of LUT Flip Flop pairs used:    234
   Number with an unused Flip Flop:     234  out of    234   100%  
   Number with an unused LUT:             0  out of    234     0%  
   Number of fully used LUT-FF pairs:     0  out of    234     0%  
   Number of unique control sets:         0

IO Utilization: 
 Number of IOs:                         104
 Number of bonded IOBs:                 104  out of    210    49%  

Specific Feature Utilization:

---------------------------
Partition Resource Summary:
---------------------------

  No Partitions were found in this design.

---------------------------


=========================================================================
Timing Report

NOTE: THESE TIMING NUMBERS ARE ONLY A SYNTHESIS ESTIMATE.
      FOR ACCURATE TIMING INFORMATION PLEASE REFER TO THE TRACE REPORT
      GENERATED AFTER PLACE-and-ROUTE.

Clock Information:
------------------
No clock signals found in this design

Asynchronous Control Signals Information:
----------------------------------------
No asynchronous control signals found in this design

Timing Summary:
---------------
Speed Grade: -3

   Minimum period: No path found
   Minimum input arrival time before clock: No path found
   Maximum output required time after clock: No path found
   Maximum combinational path delay: 5.669ns

Timing Details:
---------------
All values displayed in nanoseconds (ns)

=========================================================================
Timing constraint: Default path analysis
  Total number of paths / destination ports: 41324 / 35
-------------------------------------------------------------------------
Delay:               5.669ns (Levels of Logic = 17)
  Source:            aluop<3> (PAD)
  Destination:       zflag (PAD)

  Data Path: aluop<3> to zflag
                                Gate     Net
    Cell:in->out      fanout   Delay   Delay  Logical Name (Net Name)
    ----------------------------------------  ------------
     IBUF:I->O           131   0.001   0.678  aluop_3_IBUF (aluop_3_IBUF)
     LUT4:I0->O           35   0.097   0.487  sub_condition<3>1 (sub_condition)
     LUT4:I2->O            1   0.097   0.295  alu_adder/Madd_temp32 (alu_adder/Madd_temp)
     LUT3:I2->O            1   0.097   0.000  alu_adder/Madd_temp_lut<0>1 (alu_adder/Madd_temp_lut<0>1)
     MUXCY:S->O            1   0.353   0.000  alu_adder/Madd_temp_cy<0>_0 (alu_adder/Madd_temp_cy<0>1)
     MUXCY:CI->O           1   0.023   0.000  alu_adder/Madd_temp_cy<0>_1 (alu_adder/Madd_temp_cy<0>2)
     MUXCY:CI->O           1   0.023   0.000  alu_adder/Madd_temp_cy<0>_2 (alu_adder/Madd_temp_cy<0>3)
     MUXCY:CI->O           1   0.023   0.000  alu_adder/Madd_temp_cy<0>_3 (alu_adder/Madd_temp_cy<0>4)
     MUXCY:CI->O           1   0.023   0.000  alu_adder/Madd_temp_cy<0>_4 (alu_adder/Madd_temp_cy<0>5)
     MUXCY:CI->O           1   0.023   0.000  alu_adder/Madd_temp_cy<0>_5 (alu_adder/Madd_temp_cy<0>6)
     XORCY:CI->O           2   0.370   0.299  alu_adder/Madd_temp_xor<0>_6 (sum<7>)
     LUT6:I5->O            1   0.097   0.295  aluop_mux/Z_8_o_AndIn[7]_MUX_302_o<7>_SW4 (N252)
     LUT6:I5->O            2   0.097   0.516  aluop_mux/Z_8_o_AndIn[7]_MUX_302_o<7> (dataout_7_OBUFT)
     LUT3:I0->O            1   0.097   0.693  zflag5 (zflag5)
     LUT6:I0->O            1   0.097   0.511  zflag6 (zflag6)
     LUT6:I3->O            1   0.097   0.279  zflag8 (zflag_OBUF)
     OBUF:I->O                 0.000          zflag_OBUF (zflag)
    ----------------------------------------
    Total                      5.669ns (1.615ns logic, 4.054ns route)
                                       (28.5% logic, 71.5% route)

=========================================================================

Cross Clock Domains Report:
--------------------------

=========================================================================


Total REAL time to Xst completion: 7.00 secs
Total CPU time to Xst completion: 6.20 secs
 
--> 

Total memory usage is 4618204 kilobytes

Number of errors   :    0 (   0 filtered)
Number of warnings :    3 (   0 filtered)
Number of infos    :    0 (   0 filtered)

