Release 14.7 - xst P.20131013 (nt64)
Copyright (c) 1995-2013 Xilinx, Inc.  All rights reserved.
--> Parameter TMPDIR set to xst/projnav.tmp


Total REAL time to Xst completion: 0.00 secs
Total CPU time to Xst completion: 0.05 secs
 
--> Parameter xsthdpdir set to xst


Total REAL time to Xst completion: 0.00 secs
Total CPU time to Xst completion: 0.05 secs
 
--> Reading design: ALUOp_Multiplexer.prj

TABLE OF CONTENTS
  1) Synthesis Options Summary
  2) HDL Parsing
  3) HDL Elaboration
  4) HDL Synthesis
       4.1) HDL Synthesis Report
  5) Advanced HDL Synthesis
       5.1) Advanced HDL Synthesis Report
  6) Low Level Synthesis
  7) Partition Report
  8) Design Summary
       8.1) Primitive and Black Box Usage
       8.2) Device utilization summary
       8.3) Partition Resource Summary
       8.4) Timing Report
            8.4.1) Clock Information
            8.4.2) Asynchronous Control Signals Information
            8.4.3) Timing Summary
            8.4.4) Timing Details
            8.4.5) Cross Clock Domains Report


=========================================================================
*                      Synthesis Options Summary                        *
=========================================================================
---- Source Parameters
Input File Name                    : "ALUOp_Multiplexer.prj"
Ignore Synthesis Constraint File   : NO

---- Target Parameters
Output File Name                   : "ALUOp_Multiplexer"
Output Format                      : NGC
Target Device                      : xc7a100t-3-csg324

---- Source Options
Top Module Name                    : ALUOp_Multiplexer
Automatic FSM Extraction           : YES
FSM Encoding Algorithm             : Auto
Safe Implementation                : No
FSM Style                          : LUT
RAM Extraction                     : Yes
RAM Style                          : Auto
ROM Extraction                     : Yes
Shift Register Extraction          : YES
ROM Style                          : Auto
Resource Sharing                   : YES
Asynchronous To Synchronous        : NO
Shift Register Minimum Size        : 2
Use DSP Block                      : Auto
Automatic Register Balancing       : No

---- Target Options
LUT Combining                      : Auto
Reduce Control Sets                : Auto
Add IO Buffers                     : YES
Global Maximum Fanout              : 100000
Add Generic Clock Buffer(BUFG)     : 32
Register Duplication               : YES
Optimize Instantiated Primitives   : NO
Use Clock Enable                   : Auto
Use Synchronous Set                : Auto
Use Synchronous Reset              : Auto
Pack IO Registers into IOBs        : Auto
Equivalent register Removal        : YES

---- General Options
Optimization Goal                  : Speed
Optimization Effort                : 1
Power Reduction                    : NO
Keep Hierarchy                     : No
Netlist Hierarchy                  : As_Optimized
RTL Output                         : Yes
Global Optimization                : AllClockNets
Read Cores                         : YES
Write Timing Constraints           : NO
Cross Clock Analysis               : NO
Hierarchy Separator                : /
Bus Delimiter                      : <>
Case Specifier                     : Maintain
Slice Utilization Ratio            : 100
BRAM Utilization Ratio             : 100
DSP48 Utilization Ratio            : 100
Auto BRAM Packing                  : NO
Slice Utilization Ratio Delta      : 5

=========================================================================


=========================================================================
*                          HDL Parsing                                  *
=========================================================================
Parsing VHDL file "E:\VHDLProjects\MajorTask_Phase1_Part2\ALUOp_Multiplexer.vhd" into library work
Parsing entity <ALUOp_Multiplexer>.
Parsing architecture <Behavioral> of entity <aluop_multiplexer>.

=========================================================================
*                            HDL Elaboration                            *
=========================================================================

Elaborating entity <ALUOp_Multiplexer> (architecture <Behavioral>) from library <work>.

=========================================================================
*                           HDL Synthesis                               *
=========================================================================

Synthesizing Unit <ALUOp_Multiplexer>.
    Related source file is "E:\VHDLProjects\MajorTask_Phase1_Part2\ALUOp_Multiplexer.vhd".
    Found 1-bit 7-to-1 multiplexer for signal <_n0177> created at line 20.
    Found 1-bit 7-to-1 multiplexer for signal <_n0179> created at line 20.
    Found 1-bit 7-to-1 multiplexer for signal <_n0181> created at line 20.
    Found 1-bit 7-to-1 multiplexer for signal <_n0183> created at line 20.
    Found 1-bit 7-to-1 multiplexer for signal <_n0185> created at line 20.
    Found 1-bit 7-to-1 multiplexer for signal <_n0187> created at line 20.
    Found 1-bit 7-to-1 multiplexer for signal <_n0189> created at line 20.
    Found 1-bit 7-to-1 multiplexer for signal <_n0191> created at line 20.
    Found 1-bit 7-to-1 multiplexer for signal <_n0193> created at line 20.
    Found 1-bit 7-to-1 multiplexer for signal <_n0195> created at line 20.
    Found 1-bit 7-to-1 multiplexer for signal <_n0197> created at line 20.
    Found 1-bit 7-to-1 multiplexer for signal <_n0199> created at line 20.
    Found 1-bit 7-to-1 multiplexer for signal <_n0201> created at line 20.
    Found 1-bit 7-to-1 multiplexer for signal <_n0203> created at line 20.
    Found 1-bit 7-to-1 multiplexer for signal <_n0205> created at line 20.
    Found 1-bit 7-to-1 multiplexer for signal <_n0207> created at line 20.
    Found 1-bit 7-to-1 multiplexer for signal <_n0209> created at line 20.
    Found 1-bit 7-to-1 multiplexer for signal <_n0211> created at line 20.
    Found 1-bit 7-to-1 multiplexer for signal <_n0213> created at line 20.
    Found 1-bit 7-to-1 multiplexer for signal <_n0215> created at line 20.
    Found 1-bit 7-to-1 multiplexer for signal <_n0217> created at line 20.
    Found 1-bit 7-to-1 multiplexer for signal <_n0219> created at line 20.
    Found 1-bit 7-to-1 multiplexer for signal <_n0221> created at line 20.
    Found 1-bit 7-to-1 multiplexer for signal <_n0223> created at line 20.
    Found 1-bit 7-to-1 multiplexer for signal <_n0225> created at line 20.
    Found 1-bit 7-to-1 multiplexer for signal <_n0227> created at line 20.
    Found 1-bit 7-to-1 multiplexer for signal <_n0229> created at line 20.
    Found 1-bit 7-to-1 multiplexer for signal <_n0231> created at line 20.
    Found 1-bit 7-to-1 multiplexer for signal <_n0233> created at line 20.
    Found 1-bit 7-to-1 multiplexer for signal <_n0235> created at line 20.
    Found 1-bit 7-to-1 multiplexer for signal <_n0237> created at line 20.
    Found 1-bit 7-to-1 multiplexer for signal <_n0239> created at line 20.
    Found 1-bit tristate buffer for signal <Output<31>> created at line 20
    Found 1-bit tristate buffer for signal <Output<30>> created at line 20
    Found 1-bit tristate buffer for signal <Output<29>> created at line 20
    Found 1-bit tristate buffer for signal <Output<28>> created at line 20
    Found 1-bit tristate buffer for signal <Output<27>> created at line 20
    Found 1-bit tristate buffer for signal <Output<26>> created at line 20
    Found 1-bit tristate buffer for signal <Output<25>> created at line 20
    Found 1-bit tristate buffer for signal <Output<24>> created at line 20
    Found 1-bit tristate buffer for signal <Output<23>> created at line 20
    Found 1-bit tristate buffer for signal <Output<22>> created at line 20
    Found 1-bit tristate buffer for signal <Output<21>> created at line 20
    Found 1-bit tristate buffer for signal <Output<20>> created at line 20
    Found 1-bit tristate buffer for signal <Output<19>> created at line 20
    Found 1-bit tristate buffer for signal <Output<18>> created at line 20
    Found 1-bit tristate buffer for signal <Output<17>> created at line 20
    Found 1-bit tristate buffer for signal <Output<16>> created at line 20
    Found 1-bit tristate buffer for signal <Output<15>> created at line 20
    Found 1-bit tristate buffer for signal <Output<14>> created at line 20
    Found 1-bit tristate buffer for signal <Output<13>> created at line 20
    Found 1-bit tristate buffer for signal <Output<12>> created at line 20
    Found 1-bit tristate buffer for signal <Output<11>> created at line 20
    Found 1-bit tristate buffer for signal <Output<10>> created at line 20
    Found 1-bit tristate buffer for signal <Output<9>> created at line 20
    Found 1-bit tristate buffer for signal <Output<8>> created at line 20
    Found 1-bit tristate buffer for signal <Output<7>> created at line 20
    Found 1-bit tristate buffer for signal <Output<6>> created at line 20
    Found 1-bit tristate buffer for signal <Output<5>> created at line 20
    Found 1-bit tristate buffer for signal <Output<4>> created at line 20
    Found 1-bit tristate buffer for signal <Output<3>> created at line 20
    Found 1-bit tristate buffer for signal <Output<2>> created at line 20
    Found 1-bit tristate buffer for signal <Output<1>> created at line 20
    Found 1-bit tristate buffer for signal <Output<0>> created at line 20
    Summary:
	inferred  32 Multiplexer(s).
	inferred  32 Tristate(s).
Unit <ALUOp_Multiplexer> synthesized.

=========================================================================
HDL Synthesis Report

Macro Statistics
# Multiplexers                                         : 32
 1-bit 7-to-1 multiplexer                              : 32
# Tristates                                            : 32
 1-bit tristate buffer                                 : 32

=========================================================================

=========================================================================
*                       Advanced HDL Synthesis                          *
=========================================================================


=========================================================================
Advanced HDL Synthesis Report

Macro Statistics
# Multiplexers                                         : 32
 1-bit 7-to-1 multiplexer                              : 32

=========================================================================

=========================================================================
*                         Low Level Synthesis                           *
=========================================================================

Optimizing unit <ALUOp_Multiplexer> ...

Mapping all equations...
Building and optimizing final netlist ...
Found area constraint ratio of 100 (+ 5) on block ALUOp_Multiplexer, actual ratio is 0.

Final Macro Processing ...

=========================================================================
Final Register Report

Found no macro
=========================================================================

=========================================================================
*                           Partition Report                            *
=========================================================================

Partition Implementation Status
-------------------------------

  No Partitions were found in this design.

-------------------------------

=========================================================================
*                            Design Summary                             *
=========================================================================

Top Level Output File Name         : ALUOp_Multiplexer.ngc

Primitive and Black Box Usage:
------------------------------
# BELS                             : 128
#      LUT4                        : 63
#      LUT5                        : 31
#      LUT6                        : 33
#      MUXF7                       : 1
# IO Buffers                       : 196
#      IBUF                        : 164
#      OBUFT                       : 32

Device utilization summary:
---------------------------

Selected Device : 7a100tcsg324-3 


Slice Logic Utilization: 
 Number of Slice LUTs:                  127  out of  63400     0%  
    Number used as Logic:               127  out of  63400     0%  

Slice Logic Distribution: 
 Number of LUT Flip Flop pairs used:    127
   Number with an unused Flip Flop:     127  out of    127   100%  
   Number with an unused LUT:             0  out of    127     0%  
   Number of fully used LUT-FF pairs:     0  out of    127     0%  
   Number of unique control sets:         0

IO Utilization: 
 Number of IOs:                         196
 Number of bonded IOBs:                 196  out of    210    93%  

Specific Feature Utilization:

---------------------------
Partition Resource Summary:
---------------------------

  No Partitions were found in this design.

---------------------------


=========================================================================
Timing Report

NOTE: THESE TIMING NUMBERS ARE ONLY A SYNTHESIS ESTIMATE.
      FOR ACCURATE TIMING INFORMATION PLEASE REFER TO THE TRACE REPORT
      GENERATED AFTER PLACE-and-ROUTE.

Clock Information:
------------------
No clock signals found in this design

Asynchronous Control Signals Information:
----------------------------------------
No asynchronous control signals found in this design

Timing Summary:
---------------
Speed Grade: -3

   Minimum period: No path found
   Minimum input arrival time before clock: No path found
   Maximum output required time after clock: No path found
   Maximum combinational path delay: 1.663ns

Timing Details:
---------------
All values displayed in nanoseconds (ns)

=========================================================================
Timing constraint: Default path analysis
  Total number of paths / destination ports: 637 / 32
-------------------------------------------------------------------------
Delay:               1.663ns (Levels of Logic = 4)
  Source:            Selector<0> (PAD)
  Destination:       Output<31> (PAD)

  Data Path: Selector<0> to Output<31>
                                Gate     Net
    Cell:in->out      fanout   Delay   Delay  Logical Name (Net Name)
    ----------------------------------------  ------------
     IBUF:I->O            96   0.001   0.810  Selector_0_IBUF (Selector_0_IBUF)
     LUT6:I0->O            1   0.097   0.379  Z_3_o_AndIn[10]_MUX_142_o<10>2 (Z_3_o_AndIn[10]_MUX_142_o<10>1)
     LUT4:I2->O            1   0.097   0.279  Z_3_o_AndIn[10]_MUX_142_o<10>4 (Output_10_OBUFT)
     OBUFT:I->O                0.000          Output_10_OBUFT (Output<10>)
    ----------------------------------------
    Total                      1.663ns (0.195ns logic, 1.468ns route)
                                       (11.7% logic, 88.3% route)

=========================================================================

Cross Clock Domains Report:
--------------------------

=========================================================================


Total REAL time to Xst completion: 6.00 secs
Total CPU time to Xst completion: 5.65 secs
 
--> 

Total memory usage is 4619248 kilobytes

Number of errors   :    0 (   0 filtered)
Number of warnings :    0 (   0 filtered)
Number of infos    :    0 (   0 filtered)

